2025/02/28 15:46:21 7daa810f-d076-420d-b237-8d069c46ed16
2025/02/28 15:46:21 http: panic serving 127.0.0.1:64889: reflect: reflect.Value.Set using unaddressable value
goroutine 31 [running]:
net/http.(*conn).serve.func1()
	/usr/local/go/src/net/http/server.go:1947 +0xb0
panic({0x1048175c0?, 0x140003a2f60?})
	/usr/local/go/src/runtime/panic.go:787 +0x124
reflect.flag.mustBeAssignableSlow(0x1048a8120?)
	/usr/local/go/src/reflect/value.go:257 +0x74
reflect.flag.mustBeAssignable(...)
	/usr/local/go/src/reflect/value.go:244
reflect.Value.Set({0x1048abba0?, 0x140000fd1e0?, 0x1048a8120?}, {0x1048abba0?, 0x140003fc190?, 0x200000003?})
	/usr/local/go/src/reflect/value.go:2048 +0x58
gorm.io/gorm/schema.(*Field).setupValuerAndSetter.func15({0x1048e1c28, 0x104c767e0}, {0x1048a8120?, 0x140000fd1e0?, 0x1003bebf8?}, {0x1048abba0, 0x140003fc190})
	/Users/fauzan264/go/pkg/mod/gorm.io/gorm@v1.25.12/schema/field.go:927 +0x1f8
gorm.io/gorm/schema.(*Field).setupValuerAndSetter.func15({0x1048e1c28, 0x104c767e0}, {0x1048a8120?, 0x140000fd1e0?, 0x140003bec58?}, {0x1048b05e0, 0x140003fc170})
	/Users/fauzan264/go/pkg/mod/gorm.io/gorm@v1.25.12/schema/field.go:929 +0x1b8
gorm.io/gorm/schema.(*Field).setupValuerAndSetter.func15({0x1048e1c28, 0x104c767e0}, {0x1048a8120?, 0x140000fd1e0?, 0x140003beda8?}, {0x140003a4300, 0x140000b6730})
	/Users/fauzan264/go/pkg/mod/gorm.io/gorm@v1.25.12/schema/field.go:929 +0x1b8
gorm.io/gorm.(*DB).scanIntoStruct(0x140003dafc0, {0x1048e3440, 0x1400038b860}, {0x1048a8120?, 0x140000fd1e0?, 0x10444597c?}, {0x14000389ea0, 0x5, 0x5}, {0x140003db1d0, ...}, ...)
	/Users/fauzan264/go/pkg/mod/gorm.io/gorm@v1.25.12/scan.go:75 +0x308
gorm.io/gorm.Scan({0x1048e3440, 0x1400038b860}, 0x140003dafc0, 0x0)
	/Users/fauzan264/go/pkg/mod/gorm.io/gorm@v1.25.12/scan.go:346 +0xb60
gorm.io/gorm/callbacks.Query(0x140003dafc0)
	/Users/fauzan264/go/pkg/mod/gorm.io/gorm@v1.25.12/callbacks/query.go:27 +0xe0
gorm.io/gorm.(*processor).Execute(0x1400022c910, 0x1048a8120?)
	/Users/fauzan264/go/pkg/mod/gorm.io/gorm@v1.25.12/callbacks.go:130 +0x348
gorm.io/gorm.(*DB).Find(0x1048a8120?, {0x1048a8120, 0x140000fd1e0}, {0x0, 0x0, 0x0})
	/Users/fauzan264/go/pkg/mod/gorm.io/gorm@v1.25.12/finisher_api.go:170 +0x110
github.com/fauzan264/user-appointments/appointment.(*repository).GetAppointmentByCreatorID(0x140000b65d8, {0x7d, 0xaa, 0x81, 0xf, 0xd0, 0x76, 0x42, 0xd, 0xb2, ...})
	/Users/fauzan264/projects/test/user-appointments/backend/appointment/repository.go:40 +0xe8
github.com/fauzan264/user-appointments/appointment.(*service).GetAppointmentByCreatorID(0x2?, {0x7d, 0xaa, 0x81, 0xf, 0xd0, 0x76, 0x42, 0xd, 0xb2, ...})
	/Users/fauzan264/projects/test/user-appointments/backend/appointment/service.go:89 +0x30
github.com/fauzan264/user-appointments/handler.(*appointmentHandler).GetUserAppointments(0x14000386840, 0x140003aa400)
	/Users/fauzan264/projects/test/user-appointments/backend/handler/appointment_handler.go:139 +0x124
github.com/gin-gonic/gin.(*Context).Next(...)
	/Users/fauzan264/go/pkg/mod/github.com/gin-gonic/gin@v1.10.0/context.go:185
github.com/gin-gonic/gin.(*Engine).handleHTTPRequest(0x140000d61a0, 0x140003aa400)
	/Users/fauzan264/go/pkg/mod/github.com/gin-gonic/gin@v1.10.0/gin.go:633 +0x6c4
github.com/gin-gonic/gin.(*Engine).ServeHTTP(0x140000d61a0, {0x1048e11b8, 0x14000398460}, 0x140003b03c0)
	/Users/fauzan264/go/pkg/mod/github.com/gin-gonic/gin@v1.10.0/gin.go:589 +0x170
net/http.serverHandler.ServeHTTP({0x140003daba0?}, {0x1048e11b8?, 0x14000398460?}, 0x1?)
	/usr/local/go/src/net/http/server.go:3301 +0xbc
net/http.(*conn).serve(0x140003d63f0, {0x1048e1f18, 0x140003914d0})
	/usr/local/go/src/net/http/server.go:2102 +0x52c
created by net/http.(*Server).Serve in goroutine 1
	/usr/local/go/src/net/http/server.go:3454 +0x3d8
2025/02/28 15:47:12 7daa810f-d076-420d-b237-8d069c46ed16
2025/02/28 15:47:38 7daa810f-d076-420d-b237-8d069c46ed16
2025/02/28 15:48:03 7daa810f-d076-420d-b237-8d069c46ed16
2025/02/28 15:53:25 7daa810f-d076-420d-b237-8d069c46ed16
2025/02/28 15:54:16 7daa810f-d076-420d-b237-8d069c46ed16
2025/02/28 15:54:58 7daa810f-d076-420d-b237-8d069c46ed16
2025/02/28 15:55:37 7daa810f-d076-420d-b237-8d069c46ed16
2025/02/28 15:55:41 7daa810f-d076-420d-b237-8d069c46ed16
2025/02/28 15:55:54 7daa810f-d076-420d-b237-8d069c46ed16
2025/02/28 15:55:54 7daa810f-d076-420d-b237-8d069c46ed16
2025/02/28 15:56:03 7daa810f-d076-420d-b237-8d069c46ed16
2025/02/28 15:56:03 7daa810f-d076-420d-b237-8d069c46ed16
2025/02/28 15:56:40 7daa810f-d076-420d-b237-8d069c46ed16
2025/02/28 15:56:47 7daa810f-d076-420d-b237-8d069c46ed16
2025/02/28 15:56:49 7daa810f-d076-420d-b237-8d069c46ed16
2025/02/28 15:56:54 7daa810f-d076-420d-b237-8d069c46ed16
2025/02/28 15:56:57 7daa810f-d076-420d-b237-8d069c46ed16
2025/02/28 15:57:03 7daa810f-d076-420d-b237-8d069c46ed16
2025/02/28 15:58:19 7daa810f-d076-420d-b237-8d069c46ed16
2025/02/28 15:58:19 7daa810f-d076-420d-b237-8d069c46ed16
2025/02/28 15:58:24 7daa810f-d076-420d-b237-8d069c46ed16
2025/02/28 15:58:59 7daa810f-d076-420d-b237-8d069c46ed16
2025/02/28 15:58:59 7daa810f-d076-420d-b237-8d069c46ed16
2025/02/28 15:59:02 7daa810f-d076-420d-b237-8d069c46ed16
2025/02/28 15:59:15 7daa810f-d076-420d-b237-8d069c46ed16
2025/02/28 15:59:15 7daa810f-d076-420d-b237-8d069c46ed16
2025/02/28 16:00:03 7daa810f-d076-420d-b237-8d069c46ed16
2025/02/28 16:00:04 7daa810f-d076-420d-b237-8d069c46ed16
2025/02/28 16:00:43 7daa810f-d076-420d-b237-8d069c46ed16
2025/02/28 16:00:46 7daa810f-d076-420d-b237-8d069c46ed16
2025/02/28 16:02:43 7daa810f-d076-420d-b237-8d069c46ed16
2025/02/28 16:03:03 7daa810f-d076-420d-b237-8d069c46ed16
2025/02/28 16:03:51 7daa810f-d076-420d-b237-8d069c46ed16
2025/02/28 16:03:51 7daa810f-d076-420d-b237-8d069c46ed16
2025/02/28 16:05:46 7daa810f-d076-420d-b237-8d069c46ed16
2025/02/28 16:05:46 7daa810f-d076-420d-b237-8d069c46ed16
2025/02/28 16:06:27 7daa810f-d076-420d-b237-8d069c46ed16
2025/02/28 16:06:54 7daa810f-d076-420d-b237-8d069c46ed16
2025/02/28 16:07:08 7daa810f-d076-420d-b237-8d069c46ed16
2025/02/28 16:07:22 7daa810f-d076-420d-b237-8d069c46ed16
2025/02/28 16:07:48 7daa810f-d076-420d-b237-8d069c46ed16
2025/02/28 16:08:10 7daa810f-d076-420d-b237-8d069c46ed16
2025/02/28 16:10:53 7daa810f-d076-420d-b237-8d069c46ed16
2025/02/28 16:11:57 7daa810f-d076-420d-b237-8d069c46ed16
2025/02/28 16:11:57 7daa810f-d076-420d-b237-8d069c46ed16
2025/02/28 16:12:03 7daa810f-d076-420d-b237-8d069c46ed16
2025/02/28 16:12:40 7daa810f-d076-420d-b237-8d069c46ed16
2025/02/28 16:12:43 7daa810f-d076-420d-b237-8d069c46ed16
2025/02/28 16:13:06 7daa810f-d076-420d-b237-8d069c46ed16
2025/02/28 16:13:08 7daa810f-d076-420d-b237-8d069c46ed16
2025/02/28 16:13:55 7daa810f-d076-420d-b237-8d069c46ed16
2025/02/28 16:15:12 7daa810f-d076-420d-b237-8d069c46ed16
2025/02/28 16:15:22 7daa810f-d076-420d-b237-8d069c46ed16
2025/02/28 16:15:29 7daa810f-d076-420d-b237-8d069c46ed16
2025/02/28 16:17:35 7daa810f-d076-420d-b237-8d069c46ed16
2025/02/28 16:17:35 7daa810f-d076-420d-b237-8d069c46ed16
2025/02/28 16:17:56 7daa810f-d076-420d-b237-8d069c46ed16
2025/02/28 16:19:13 7daa810f-d076-420d-b237-8d069c46ed16
2025/02/28 16:19:13 7daa810f-d076-420d-b237-8d069c46ed16
2025/02/28 16:21:32 7daa810f-d076-420d-b237-8d069c46ed16
2025/02/28 16:21:32 7daa810f-d076-420d-b237-8d069c46ed16
2025/02/28 16:21:45 7daa810f-d076-420d-b237-8d069c46ed16
2025/02/28 16:22:01 7daa810f-d076-420d-b237-8d069c46ed16
2025/02/28 16:22:01 7daa810f-d076-420d-b237-8d069c46ed16
2025/02/28 16:22:49 7daa810f-d076-420d-b237-8d069c46ed16
2025/02/28 16:23:49 7daa810f-d076-420d-b237-8d069c46ed16
2025/02/28 16:23:58 7daa810f-d076-420d-b237-8d069c46ed16
2025/02/28 16:28:46 7daa810f-d076-420d-b237-8d069c46ed16
2025/02/28 16:28:53 7daa810f-d076-420d-b237-8d069c46ed16
2025/02/28 16:29:11 7daa810f-d076-420d-b237-8d069c46ed16
2025/02/28 16:29:14 7daa810f-d076-420d-b237-8d069c46ed16
2025/02/28 16:29:32 7daa810f-d076-420d-b237-8d069c46ed16
2025/02/28 16:29:49 7daa810f-d076-420d-b237-8d069c46ed16
2025/02/28 16:30:25 7daa810f-d076-420d-b237-8d069c46ed16
2025/02/28 16:30:56 7daa810f-d076-420d-b237-8d069c46ed16
2025/02/28 16:30:56 7daa810f-d076-420d-b237-8d069c46ed16
2025/02/28 16:32:07 7daa810f-d076-420d-b237-8d069c46ed16
2025/02/28 16:32:07 7daa810f-d076-420d-b237-8d069c46ed16
2025/02/28 16:32:12 7daa810f-d076-420d-b237-8d069c46ed16
2025/02/28 16:32:19 7daa810f-d076-420d-b237-8d069c46ed16
2025/02/28 16:32:19 7daa810f-d076-420d-b237-8d069c46ed16
2025/02/28 16:34:18 7daa810f-d076-420d-b237-8d069c46ed16
2025/02/28 16:35:19 7daa810f-d076-420d-b237-8d069c46ed16
2025/02/28 16:35:41 7daa810f-d076-420d-b237-8d069c46ed16
2025/02/28 16:36:16 7daa810f-d076-420d-b237-8d069c46ed16
2025/02/28 16:38:31 7daa810f-d076-420d-b237-8d069c46ed16
2025/02/28 16:38:52 7daa810f-d076-420d-b237-8d069c46ed16
2025/02/28 16:38:52 7daa810f-d076-420d-b237-8d069c46ed16
2025/02/28 16:39:57 7daa810f-d076-420d-b237-8d069c46ed16
2025/02/28 16:40:17 7daa810f-d076-420d-b237-8d069c46ed16
2025/02/28 16:40:55 7daa810f-d076-420d-b237-8d069c46ed16
2025/02/28 16:42:20 7daa810f-d076-420d-b237-8d069c46ed16
2025/02/28 16:42:39 7daa810f-d076-420d-b237-8d069c46ed16
2025/02/28 16:42:40 7daa810f-d076-420d-b237-8d069c46ed16
2025/02/28 16:42:44 7daa810f-d076-420d-b237-8d069c46ed16
2025/02/28 16:42:45 7daa810f-d076-420d-b237-8d069c46ed16
2025/02/28 16:43:10 7daa810f-d076-420d-b237-8d069c46ed16
2025/02/28 16:43:10 7daa810f-d076-420d-b237-8d069c46ed16
2025/02/28 16:43:12 7daa810f-d076-420d-b237-8d069c46ed16
2025/02/28 16:43:12 7daa810f-d076-420d-b237-8d069c46ed16
2025/02/28 16:44:07 7daa810f-d076-420d-b237-8d069c46ed16
2025/02/28 16:44:07 7daa810f-d076-420d-b237-8d069c46ed16
2025/02/28 16:45:21 7daa810f-d076-420d-b237-8d069c46ed16
2025/02/28 16:45:27 7daa810f-d076-420d-b237-8d069c46ed16
2025/02/28 16:45:27 7daa810f-d076-420d-b237-8d069c46ed16
2025/02/28 16:45:32 7daa810f-d076-420d-b237-8d069c46ed16
2025/02/28 16:46:56 7daa810f-d076-420d-b237-8d069c46ed16
2025/02/28 16:46:56 7daa810f-d076-420d-b237-8d069c46ed16
2025/02/28 16:47:00 7daa810f-d076-420d-b237-8d069c46ed16
2025/02/28 16:47:10 7daa810f-d076-420d-b237-8d069c46ed16
2025/02/28 16:47:10 7daa810f-d076-420d-b237-8d069c46ed16
2025/02/28 16:48:53 7daa810f-d076-420d-b237-8d069c46ed16
2025/02/28 16:49:37 7daa810f-d076-420d-b237-8d069c46ed16
2025/02/28 16:49:48 7daa810f-d076-420d-b237-8d069c46ed16
2025/02/28 16:49:53 7daa810f-d076-420d-b237-8d069c46ed16
2025/02/28 16:51:57 7daa810f-d076-420d-b237-8d069c46ed16
2025/02/28 16:51:58 7daa810f-d076-420d-b237-8d069c46ed16
2025/02/28 16:52:01 7daa810f-d076-420d-b237-8d069c46ed16
2025/02/28 16:52:04 7daa810f-d076-420d-b237-8d069c46ed16
2025/02/28 16:52:10 7daa810f-d076-420d-b237-8d069c46ed16
2025/02/28 16:52:10 7daa810f-d076-420d-b237-8d069c46ed16
2025/02/28 16:53:09 7daa810f-d076-420d-b237-8d069c46ed16
2025/02/28 16:53:09 7daa810f-d076-420d-b237-8d069c46ed16
2025/02/28 16:54:02 7daa810f-d076-420d-b237-8d069c46ed16
2025/02/28 16:54:02 7daa810f-d076-420d-b237-8d069c46ed16
2025/02/28 16:54:07 7daa810f-d076-420d-b237-8d069c46ed16
2025/02/28 16:54:21 7daa810f-d076-420d-b237-8d069c46ed16
2025/02/28 16:54:24 7daa810f-d076-420d-b237-8d069c46ed16
2025/02/28 16:56:10 7daa810f-d076-420d-b237-8d069c46ed16
2025/02/28 16:56:10 7daa810f-d076-420d-b237-8d069c46ed16
2025/02/28 16:56:15 7daa810f-d076-420d-b237-8d069c46ed16
2025/02/28 16:57:44 7daa810f-d076-420d-b237-8d069c46ed16
2025/02/28 16:58:01 7daa810f-d076-420d-b237-8d069c46ed16
2025/02/28 16:58:11 7daa810f-d076-420d-b237-8d069c46ed16
2025/02/28 16:59:20 7daa810f-d076-420d-b237-8d069c46ed16
2025/02/28 16:59:20 7daa810f-d076-420d-b237-8d069c46ed16
2025/02/28 16:59:20 7daa810f-d076-420d-b237-8d069c46ed16
2025/02/28 16:59:20 7daa810f-d076-420d-b237-8d069c46ed16
2025/02/28 16:59:26 7daa810f-d076-420d-b237-8d069c46ed16
2025/02/28 16:59:32 7daa810f-d076-420d-b237-8d069c46ed16
2025/02/28 16:59:32 7daa810f-d076-420d-b237-8d069c46ed16
2025/02/28 16:59:33 7daa810f-d076-420d-b237-8d069c46ed16
2025/02/28 16:59:33 7daa810f-d076-420d-b237-8d069c46ed16
2025/02/28 17:01:02 7daa810f-d076-420d-b237-8d069c46ed16
2025/02/28 17:01:02 7daa810f-d076-420d-b237-8d069c46ed16
2025/02/28 17:01:14 7daa810f-d076-420d-b237-8d069c46ed16
2025/02/28 17:01:25 7daa810f-d076-420d-b237-8d069c46ed16
2025/02/28 17:01:25 7daa810f-d076-420d-b237-8d069c46ed16
2025/02/28 17:01:28 7daa810f-d076-420d-b237-8d069c46ed16
2025/02/28 17:02:46 7daa810f-d076-420d-b237-8d069c46ed16
2025/02/28 17:02:46 7daa810f-d076-420d-b237-8d069c46ed16
2025/02/28 17:02:57 7daa810f-d076-420d-b237-8d069c46ed16
2025/02/28 17:02:57 7daa810f-d076-420d-b237-8d069c46ed16
2025/02/28 17:03:01 7daa810f-d076-420d-b237-8d069c46ed16
2025/02/28 17:04:06 7daa810f-d076-420d-b237-8d069c46ed16
2025/02/28 17:04:06 7daa810f-d076-420d-b237-8d069c46ed16
2025/02/28 17:05:24 7daa810f-d076-420d-b237-8d069c46ed16
2025/02/28 17:05:24 7daa810f-d076-420d-b237-8d069c46ed16
2025/02/28 17:06:00 7daa810f-d076-420d-b237-8d069c46ed16
2025/02/28 17:06:00 7daa810f-d076-420d-b237-8d069c46ed16
2025/02/28 17:06:04 7daa810f-d076-420d-b237-8d069c46ed16
2025/02/28 17:06:04 7daa810f-d076-420d-b237-8d069c46ed16
2025/02/28 17:08:56 7daa810f-d076-420d-b237-8d069c46ed16
2025/02/28 17:08:58 7daa810f-d076-420d-b237-8d069c46ed16
2025/02/28 17:09:09 7daa810f-d076-420d-b237-8d069c46ed16
2025/02/28 17:09:24 7daa810f-d076-420d-b237-8d069c46ed16
2025/02/28 17:09:28 7daa810f-d076-420d-b237-8d069c46ed16
2025/02/28 17:11:09 7daa810f-d076-420d-b237-8d069c46ed16
2025/02/28 17:11:09 7daa810f-d076-420d-b237-8d069c46ed16
2025/02/28 17:11:25 7daa810f-d076-420d-b237-8d069c46ed16
2025/02/28 17:11:25 7daa810f-d076-420d-b237-8d069c46ed16
2025/02/28 17:11:38 7daa810f-d076-420d-b237-8d069c46ed16
2025/02/28 17:12:03 7daa810f-d076-420d-b237-8d069c46ed16
2025/02/28 17:12:22 7daa810f-d076-420d-b237-8d069c46ed16
2025/02/28 17:12:26 7daa810f-d076-420d-b237-8d069c46ed16
2025/02/28 17:12:31 7daa810f-d076-420d-b237-8d069c46ed16
2025/02/28 17:14:25 7daa810f-d076-420d-b237-8d069c46ed16
2025/02/28 17:14:26 7daa810f-d076-420d-b237-8d069c46ed16
2025/02/28 17:14:33 7daa810f-d076-420d-b237-8d069c46ed16
2025/02/28 17:18:03 7daa810f-d076-420d-b237-8d069c46ed16
2025/02/28 17:18:12 7daa810f-d076-420d-b237-8d069c46ed16
2025/02/28 17:18:29 7daa810f-d076-420d-b237-8d069c46ed16
2025/02/28 17:18:31 7daa810f-d076-420d-b237-8d069c46ed16
2025/02/28 17:19:45 7daa810f-d076-420d-b237-8d069c46ed16
2025/02/28 17:20:15 7daa810f-d076-420d-b237-8d069c46ed16
2025/02/28 17:20:15 7daa810f-d076-420d-b237-8d069c46ed16
2025/02/28 17:20:18 7daa810f-d076-420d-b237-8d069c46ed16
2025/02/28 17:20:24 7daa810f-d076-420d-b237-8d069c46ed16
2025/02/28 17:22:13 7daa810f-d076-420d-b237-8d069c46ed16
2025/02/28 17:22:37 7daa810f-d076-420d-b237-8d069c46ed16
2025/02/28 17:22:44 7daa810f-d076-420d-b237-8d069c46ed16
2025/02/28 17:24:40 7daa810f-d076-420d-b237-8d069c46ed16
2025/02/28 17:24:46 7daa810f-d076-420d-b237-8d069c46ed16
2025/02/28 17:25:08 7daa810f-d076-420d-b237-8d069c46ed16
2025/02/28 17:25:29 7daa810f-d076-420d-b237-8d069c46ed16
2025/02/28 17:25:33 7daa810f-d076-420d-b237-8d069c46ed16
2025/02/28 17:25:39 7daa810f-d076-420d-b237-8d069c46ed16
2025/02/28 17:25:40 7daa810f-d076-420d-b237-8d069c46ed16
2025/02/28 17:26:33 7daa810f-d076-420d-b237-8d069c46ed16
2025/02/28 17:26:33 7daa810f-d076-420d-b237-8d069c46ed16
2025/02/28 17:26:39 7daa810f-d076-420d-b237-8d069c46ed16
2025/02/28 17:26:42 7daa810f-d076-420d-b237-8d069c46ed16
2025/02/28 17:27:09 7daa810f-d076-420d-b237-8d069c46ed16
2025/02/28 17:27:09 7daa810f-d076-420d-b237-8d069c46ed16
2025/02/28 17:27:10 7daa810f-d076-420d-b237-8d069c46ed16
2025/02/28 17:27:10 7daa810f-d076-420d-b237-8d069c46ed16
2025/02/28 17:27:57 7daa810f-d076-420d-b237-8d069c46ed16
2025/02/28 17:27:57 7daa810f-d076-420d-b237-8d069c46ed16
2025/02/28 17:28:16 7daa810f-d076-420d-b237-8d069c46ed16
2025/02/28 17:28:41 7daa810f-d076-420d-b237-8d069c46ed16
2025/02/28 17:29:08 7daa810f-d076-420d-b237-8d069c46ed16
2025/02/28 17:29:08 7daa810f-d076-420d-b237-8d069c46ed16
2025/02/28 17:30:46 7daa810f-d076-420d-b237-8d069c46ed16
2025/02/28 17:30:46 7daa810f-d076-420d-b237-8d069c46ed16
2025/02/28 17:30:53 7daa810f-d076-420d-b237-8d069c46ed16
2025/02/28 17:31:06 7daa810f-d076-420d-b237-8d069c46ed16
2025/02/28 17:31:06 7daa810f-d076-420d-b237-8d069c46ed16
2025/02/28 17:32:10 7daa810f-d076-420d-b237-8d069c46ed16
2025/02/28 17:32:10 7daa810f-d076-420d-b237-8d069c46ed16
2025/02/28 17:32:13 7daa810f-d076-420d-b237-8d069c46ed16
2025/02/28 17:32:33 7daa810f-d076-420d-b237-8d069c46ed16
2025/02/28 17:32:33 7daa810f-d076-420d-b237-8d069c46ed16
2025/02/28 17:32:37 7daa810f-d076-420d-b237-8d069c46ed16
2025/02/28 17:32:46 7daa810f-d076-420d-b237-8d069c46ed16
2025/02/28 17:32:46 7daa810f-d076-420d-b237-8d069c46ed16
2025/02/28 17:32:51 7daa810f-d076-420d-b237-8d069c46ed16
2025/02/28 17:32:51 7daa810f-d076-420d-b237-8d069c46ed16
2025/02/28 17:33:40 7daa810f-d076-420d-b237-8d069c46ed16
2025/02/28 17:33:40 7daa810f-d076-420d-b237-8d069c46ed16
2025/02/28 17:33:50 7daa810f-d076-420d-b237-8d069c46ed16
2025/02/28 17:33:50 7daa810f-d076-420d-b237-8d069c46ed16
2025/02/28 17:33:53 7daa810f-d076-420d-b237-8d069c46ed16
2025/02/28 17:34:11 7daa810f-d076-420d-b237-8d069c46ed16
2025/02/28 17:34:11 7daa810f-d076-420d-b237-8d069c46ed16
2025/02/28 17:34:17 7daa810f-d076-420d-b237-8d069c46ed16
2025/02/28 17:34:17 7daa810f-d076-420d-b237-8d069c46ed16
2025/02/28 17:34:37 7daa810f-d076-420d-b237-8d069c46ed16
2025/02/28 17:34:37 7daa810f-d076-420d-b237-8d069c46ed16
2025/02/28 17:35:54 7daa810f-d076-420d-b237-8d069c46ed16
2025/02/28 17:35:54 7daa810f-d076-420d-b237-8d069c46ed16
2025/02/28 17:37:54 7daa810f-d076-420d-b237-8d069c46ed16
2025/02/28 17:37:54 7daa810f-d076-420d-b237-8d069c46ed16
2025/02/28 17:37:54 7daa810f-d076-420d-b237-8d069c46ed16
2025/02/28 17:37:54 7daa810f-d076-420d-b237-8d069c46ed16
2025/02/28 17:38:04 7daa810f-d076-420d-b237-8d069c46ed16
2025/02/28 17:38:04 7daa810f-d076-420d-b237-8d069c46ed16
2025/02/28 17:38:04 7daa810f-d076-420d-b237-8d069c46ed16
2025/02/28 17:38:04 7daa810f-d076-420d-b237-8d069c46ed16
2025/02/28 17:38:10 7daa810f-d076-420d-b237-8d069c46ed16
2025/02/28 17:38:14 7daa810f-d076-420d-b237-8d069c46ed16
2025/02/28 17:38:41 7daa810f-d076-420d-b237-8d069c46ed16
2025/02/28 17:38:41 7daa810f-d076-420d-b237-8d069c46ed16
2025/02/28 17:38:41 7daa810f-d076-420d-b237-8d069c46ed16
2025/02/28 17:38:41 7daa810f-d076-420d-b237-8d069c46ed16
2025/02/28 17:39:19 7daa810f-d076-420d-b237-8d069c46ed16
2025/02/28 17:39:19 7daa810f-d076-420d-b237-8d069c46ed16
2025/02/28 17:39:20 7daa810f-d076-420d-b237-8d069c46ed16
2025/02/28 17:39:20 7daa810f-d076-420d-b237-8d069c46ed16
2025/02/28 17:40:25 7daa810f-d076-420d-b237-8d069c46ed16
2025/02/28 17:42:01 7daa810f-d076-420d-b237-8d069c46ed16
2025/02/28 17:42:01 7daa810f-d076-420d-b237-8d069c46ed16
2025/02/28 17:42:01 7daa810f-d076-420d-b237-8d069c46ed16
2025/02/28 17:42:01 7daa810f-d076-420d-b237-8d069c46ed16
2025/02/28 17:42:05 7daa810f-d076-420d-b237-8d069c46ed16
2025/02/28 17:42:33 7daa810f-d076-420d-b237-8d069c46ed16
2025/02/28 17:42:33 7daa810f-d076-420d-b237-8d069c46ed16
2025/02/28 17:42:33 7daa810f-d076-420d-b237-8d069c46ed16
2025/02/28 17:42:33 7daa810f-d076-420d-b237-8d069c46ed16
2025/02/28 17:42:37 7daa810f-d076-420d-b237-8d069c46ed16
2025/02/28 17:42:56 7daa810f-d076-420d-b237-8d069c46ed16
2025/02/28 17:42:56 7daa810f-d076-420d-b237-8d069c46ed16
2025/02/28 17:43:02 7daa810f-d076-420d-b237-8d069c46ed16
2025/02/28 17:43:02 7daa810f-d076-420d-b237-8d069c46ed16
2025/02/28 17:43:17 7daa810f-d076-420d-b237-8d069c46ed16
2025/02/28 17:43:32 7daa810f-d076-420d-b237-8d069c46ed16
2025/02/28 17:43:36 7daa810f-d076-420d-b237-8d069c46ed16
2025/02/28 17:52:09 7daa810f-d076-420d-b237-8d069c46ed16
2025/02/28 17:57:14 http: panic serving 127.0.0.1:54944: interface conversion: error is *json.SyntaxError, not validator.ValidationErrors
goroutine 52 [running]:
net/http.(*conn).serve.func1()
	/usr/local/go/src/net/http/server.go:1947 +0xb0
panic({0x104757540?, 0x14000434330?})
	/usr/local/go/src/runtime/panic.go:787 +0x124
github.com/fauzan264/user-appointments/helper.FormatValidationError(...)
	/Users/fauzan264/projects/test/user-appointments/backend/helper/helper.go:29
github.com/fauzan264/user-appointments/handler.(*appointmentHandler).CreateAppointment(0x14000372840, 0x14000416100)
	/Users/fauzan264/projects/test/user-appointments/backend/handler/appointment_handler.go:41 +0xa0c
github.com/gin-gonic/gin.(*Context).Next(...)
	/Users/fauzan264/go/pkg/mod/github.com/gin-gonic/gin@v1.10.0/context.go:185
github.com/gin-gonic/gin.(*Engine).handleHTTPRequest(0x1400033e1a0, 0x14000416100)
	/Users/fauzan264/go/pkg/mod/github.com/gin-gonic/gin@v1.10.0/gin.go:633 +0x6c4
github.com/gin-gonic/gin.(*Engine).ServeHTTP(0x1400033e1a0, {0x1047f9258, 0x140004041c0}, 0x1400041c3c0)
	/Users/fauzan264/go/pkg/mod/github.com/gin-gonic/gin@v1.10.0/gin.go:589 +0x170
net/http.serverHandler.ServeHTTP({0x1047f6f98?}, {0x1047f9258?, 0x140004041c0?}, 0x6?)
	/usr/local/go/src/net/http/server.go:3301 +0xbc
net/http.(*conn).serve(0x1400036bc20, {0x1047f9fb8, 0x1400037d470})
	/usr/local/go/src/net/http/server.go:2102 +0x52c
created by net/http.(*Server).Serve in goroutine 1
	/usr/local/go/src/net/http/server.go:3454 +0x3d8
2025/02/28 17:57:14 http: panic serving 127.0.0.1:55178: interface conversion: error is *json.SyntaxError, not validator.ValidationErrors
goroutine 55 [running]:
net/http.(*conn).serve.func1()
	/usr/local/go/src/net/http/server.go:1947 +0xb0
panic({0x104757540?, 0x14000434810?})
	/usr/local/go/src/runtime/panic.go:787 +0x124
github.com/fauzan264/user-appointments/helper.FormatValidationError(...)
	/Users/fauzan264/projects/test/user-appointments/backend/helper/helper.go:29
github.com/fauzan264/user-appointments/handler.(*appointmentHandler).CreateAppointment(0x14000372840, 0x14000416200)
	/Users/fauzan264/projects/test/user-appointments/backend/handler/appointment_handler.go:41 +0xa0c
github.com/gin-gonic/gin.(*Context).Next(...)
	/Users/fauzan264/go/pkg/mod/github.com/gin-gonic/gin@v1.10.0/context.go:185
github.com/gin-gonic/gin.(*Engine).handleHTTPRequest(0x1400033e1a0, 0x14000416200)
	/Users/fauzan264/go/pkg/mod/github.com/gin-gonic/gin@v1.10.0/gin.go:633 +0x6c4
github.com/gin-gonic/gin.(*Engine).ServeHTTP(0x1400033e1a0, {0x1047f9258, 0x14000404380}, 0x1400041c640)
	/Users/fauzan264/go/pkg/mod/github.com/gin-gonic/gin@v1.10.0/gin.go:589 +0x170
net/http.serverHandler.ServeHTTP({0x1047f6f98?}, {0x1047f9258?, 0x14000404380?}, 0x6?)
	/usr/local/go/src/net/http/server.go:3301 +0xbc
net/http.(*conn).serve(0x14000436120, {0x1047f9fb8, 0x1400037d470})
	/usr/local/go/src/net/http/server.go:2102 +0x52c
created by net/http.(*Server).Serve in goroutine 1
	/usr/local/go/src/net/http/server.go:3454 +0x3d8
2025/02/28 17:57:50 http: panic serving 127.0.0.1:55226: interface conversion: error is *json.SyntaxError, not validator.ValidationErrors
goroutine 60 [running]:
net/http.(*conn).serve.func1()
	/usr/local/go/src/net/http/server.go:1947 +0xb0
panic({0x104757540?, 0x1400008c570?})
	/usr/local/go/src/runtime/panic.go:787 +0x124
github.com/fauzan264/user-appointments/helper.FormatValidationError(...)
	/Users/fauzan264/projects/test/user-appointments/backend/helper/helper.go:29
github.com/fauzan264/user-appointments/handler.(*appointmentHandler).CreateAppointment(0x14000372840, 0x140000a0000)
	/Users/fauzan264/projects/test/user-appointments/backend/handler/appointment_handler.go:41 +0xa0c
github.com/gin-gonic/gin.(*Context).Next(...)
	/Users/fauzan264/go/pkg/mod/github.com/gin-gonic/gin@v1.10.0/context.go:185
github.com/gin-gonic/gin.(*Engine).handleHTTPRequest(0x1400033e1a0, 0x140000a0000)
	/Users/fauzan264/go/pkg/mod/github.com/gin-gonic/gin@v1.10.0/gin.go:633 +0x6c4
github.com/gin-gonic/gin.(*Engine).ServeHTTP(0x1400033e1a0, {0x1047f9258, 0x1400009c0e0}, 0x14000096140)
	/Users/fauzan264/go/pkg/mod/github.com/gin-gonic/gin@v1.10.0/gin.go:589 +0x170
net/http.serverHandler.ServeHTTP({0x1047f6f98?}, {0x1047f9258?, 0x1400009c0e0?}, 0x6?)
	/usr/local/go/src/net/http/server.go:3301 +0xbc
net/http.(*conn).serve(0x14000436510, {0x1047f9fb8, 0x1400037d470})
	/usr/local/go/src/net/http/server.go:2102 +0x52c
created by net/http.(*Server).Serve in goroutine 1
	/usr/local/go/src/net/http/server.go:3454 +0x3d8
2025/02/28 17:57:50 http: panic serving 127.0.0.1:55470: interface conversion: error is *json.SyntaxError, not validator.ValidationErrors
goroutine 8 [running]:
net/http.(*conn).serve.func1()
	/usr/local/go/src/net/http/server.go:1947 +0xb0
panic({0x104757540?, 0x1400008ca50?})
	/usr/local/go/src/runtime/panic.go:787 +0x124
github.com/fauzan264/user-appointments/helper.FormatValidationError(...)
	/Users/fauzan264/projects/test/user-appointments/backend/helper/helper.go:29
github.com/fauzan264/user-appointments/handler.(*appointmentHandler).CreateAppointment(0x14000372840, 0x140000a0100)
	/Users/fauzan264/projects/test/user-appointments/backend/handler/appointment_handler.go:41 +0xa0c
github.com/gin-gonic/gin.(*Context).Next(...)
	/Users/fauzan264/go/pkg/mod/github.com/gin-gonic/gin@v1.10.0/context.go:185
github.com/gin-gonic/gin.(*Engine).handleHTTPRequest(0x1400033e1a0, 0x140000a0100)
	/Users/fauzan264/go/pkg/mod/github.com/gin-gonic/gin@v1.10.0/gin.go:633 +0x6c4
github.com/gin-gonic/gin.(*Engine).ServeHTTP(0x1400033e1a0, {0x1047f9258, 0x1400009c1c0}, 0x140000963c0)
	/Users/fauzan264/go/pkg/mod/github.com/gin-gonic/gin@v1.10.0/gin.go:589 +0x170
net/http.serverHandler.ServeHTTP({0x1047f6f98?}, {0x1047f9258?, 0x1400009c1c0?}, 0x6?)
	/usr/local/go/src/net/http/server.go:3301 +0xbc
net/http.(*conn).serve(0x14000098240, {0x1047f9fb8, 0x1400037d470})
	/usr/local/go/src/net/http/server.go:2102 +0x52c
created by net/http.(*Server).Serve in goroutine 1
	/usr/local/go/src/net/http/server.go:3454 +0x3d8
2025/02/28 17:58:19 http: panic serving 127.0.0.1:55588: interface conversion: error is *json.SyntaxError, not validator.ValidationErrors
goroutine 10 [running]:
net/http.(*conn).serve.func1()
	/usr/local/go/src/net/http/server.go:1947 +0xb0
panic({0x104757540?, 0x1400008cf30?})
	/usr/local/go/src/runtime/panic.go:787 +0x124
github.com/fauzan264/user-appointments/helper.FormatValidationError(...)
	/Users/fauzan264/projects/test/user-appointments/backend/helper/helper.go:29
github.com/fauzan264/user-appointments/handler.(*appointmentHandler).CreateAppointment(0x14000372840, 0x140000a0200)
	/Users/fauzan264/projects/test/user-appointments/backend/handler/appointment_handler.go:41 +0xa0c
github.com/gin-gonic/gin.(*Context).Next(...)
	/Users/fauzan264/go/pkg/mod/github.com/gin-gonic/gin@v1.10.0/context.go:185
github.com/gin-gonic/gin.(*Engine).handleHTTPRequest(0x1400033e1a0, 0x140000a0200)
	/Users/fauzan264/go/pkg/mod/github.com/gin-gonic/gin@v1.10.0/gin.go:633 +0x6c4
github.com/gin-gonic/gin.(*Engine).ServeHTTP(0x1400033e1a0, {0x1047f9258, 0x1400009c2a0}, 0x14000096640)
	/Users/fauzan264/go/pkg/mod/github.com/gin-gonic/gin@v1.10.0/gin.go:589 +0x170
net/http.serverHandler.ServeHTTP({0x1047f6f98?}, {0x1047f9258?, 0x1400009c2a0?}, 0x6?)
	/usr/local/go/src/net/http/server.go:3301 +0xbc
net/http.(*conn).serve(0x14000098480, {0x1047f9fb8, 0x1400037d470})
	/usr/local/go/src/net/http/server.go:2102 +0x52c
created by net/http.(*Server).Serve in goroutine 1
	/usr/local/go/src/net/http/server.go:3454 +0x3d8
2025/02/28 17:59:04 http: panic serving 127.0.0.1:55610: interface conversion: error is *json.SyntaxError, not validator.ValidationErrors
goroutine 41 [running]:
net/http.(*conn).serve.func1()
	/usr/local/go/src/net/http/server.go:1947 +0xb0
panic({0x104757540?, 0x140003f8f00?})
	/usr/local/go/src/runtime/panic.go:787 +0x124
github.com/fauzan264/user-appointments/helper.FormatValidationError(...)
	/Users/fauzan264/projects/test/user-appointments/backend/helper/helper.go:29
github.com/fauzan264/user-appointments/handler.(*appointmentHandler).CreateAppointment(0x14000372840, 0x140003da200)
	/Users/fauzan264/projects/test/user-appointments/backend/handler/appointment_handler.go:41 +0xa0c
github.com/gin-gonic/gin.(*Context).Next(...)
	/Users/fauzan264/go/pkg/mod/github.com/gin-gonic/gin@v1.10.0/context.go:185
github.com/gin-gonic/gin.(*Engine).handleHTTPRequest(0x1400033e1a0, 0x140003da200)
	/Users/fauzan264/go/pkg/mod/github.com/gin-gonic/gin@v1.10.0/gin.go:633 +0x6c4
github.com/gin-gonic/gin.(*Engine).ServeHTTP(0x1400033e1a0, {0x1047f9258, 0x140001f8700}, 0x140002ec8c0)
	/Users/fauzan264/go/pkg/mod/github.com/gin-gonic/gin@v1.10.0/gin.go:589 +0x170
net/http.serverHandler.ServeHTTP({0x1047f6f98?}, {0x1047f9258?, 0x140001f8700?}, 0x6?)
	/usr/local/go/src/net/http/server.go:3301 +0xbc
net/http.(*conn).serve(0x140001e4d80, {0x1047f9fb8, 0x1400037d470})
	/usr/local/go/src/net/http/server.go:2102 +0x52c
created by net/http.(*Server).Serve in goroutine 1
	/usr/local/go/src/net/http/server.go:3454 +0x3d8
2025/02/28 17:59:04 http: panic serving 127.0.0.1:55786: interface conversion: error is *json.SyntaxError, not validator.ValidationErrors
goroutine 45 [running]:
net/http.(*conn).serve.func1()
	/usr/local/go/src/net/http/server.go:1947 +0xb0
panic({0x104757540?, 0x140003f93e0?})
	/usr/local/go/src/runtime/panic.go:787 +0x124
github.com/fauzan264/user-appointments/helper.FormatValidationError(...)
	/Users/fauzan264/projects/test/user-appointments/backend/helper/helper.go:29
github.com/fauzan264/user-appointments/handler.(*appointmentHandler).CreateAppointment(0x14000372840, 0x140003da300)
	/Users/fauzan264/projects/test/user-appointments/backend/handler/appointment_handler.go:41 +0xa0c
github.com/gin-gonic/gin.(*Context).Next(...)
	/Users/fauzan264/go/pkg/mod/github.com/gin-gonic/gin@v1.10.0/context.go:185
github.com/gin-gonic/gin.(*Engine).handleHTTPRequest(0x1400033e1a0, 0x140003da300)
	/Users/fauzan264/go/pkg/mod/github.com/gin-gonic/gin@v1.10.0/gin.go:633 +0x6c4
github.com/gin-gonic/gin.(*Engine).ServeHTTP(0x1400033e1a0, {0x1047f9258, 0x140001f87e0}, 0x140002ecb40)
	/Users/fauzan264/go/pkg/mod/github.com/gin-gonic/gin@v1.10.0/gin.go:589 +0x170
net/http.serverHandler.ServeHTTP({0x1047f6f98?}, {0x1047f9258?, 0x140001f87e0?}, 0x6?)
	/usr/local/go/src/net/http/server.go:3301 +0xbc
net/http.(*conn).serve(0x140001e5320, {0x1047f9fb8, 0x1400037d470})
	/usr/local/go/src/net/http/server.go:2102 +0x52c
created by net/http.(*Server).Serve in goroutine 1
	/usr/local/go/src/net/http/server.go:3454 +0x3d8
2025/02/28 17:59:27 7daa810f-d076-420d-b237-8d069c46ed16
2025/02/28 17:59:30 http: panic serving 127.0.0.1:55814: interface conversion: error is *json.SyntaxError, not validator.ValidationErrors
goroutine 64 [running]:
net/http.(*conn).serve.func1()
	/usr/local/go/src/net/http/server.go:1947 +0xb0
panic({0x104757540?, 0x14000590780?})
	/usr/local/go/src/runtime/panic.go:787 +0x124
github.com/fauzan264/user-appointments/helper.FormatValidationError(...)
	/Users/fauzan264/projects/test/user-appointments/backend/helper/helper.go:29
github.com/fauzan264/user-appointments/handler.(*appointmentHandler).CreateAppointment(0x14000372840, 0x140000a0300)
	/Users/fauzan264/projects/test/user-appointments/backend/handler/appointment_handler.go:41 +0xa0c
github.com/gin-gonic/gin.(*Context).Next(...)
	/Users/fauzan264/go/pkg/mod/github.com/gin-gonic/gin@v1.10.0/context.go:185
github.com/gin-gonic/gin.(*Engine).handleHTTPRequest(0x1400033e1a0, 0x140000a0300)
	/Users/fauzan264/go/pkg/mod/github.com/gin-gonic/gin@v1.10.0/gin.go:633 +0x6c4
github.com/gin-gonic/gin.(*Engine).ServeHTTP(0x1400033e1a0, {0x1047f9258, 0x140004040e0}, 0x1400041c000)
	/Users/fauzan264/go/pkg/mod/github.com/gin-gonic/gin@v1.10.0/gin.go:589 +0x170
net/http.serverHandler.ServeHTTP({0x1047f6f98?}, {0x1047f9258?, 0x140004040e0?}, 0x6?)
	/usr/local/go/src/net/http/server.go:3301 +0xbc
net/http.(*conn).serve(0x14000436990, {0x1047f9fb8, 0x1400037d470})
	/usr/local/go/src/net/http/server.go:2102 +0x52c
created by net/http.(*Server).Serve in goroutine 1
	/usr/local/go/src/net/http/server.go:3454 +0x3d8
2025/02/28 17:59:30 http: panic serving 127.0.0.1:56052: interface conversion: error is *json.SyntaxError, not validator.ValidationErrors
goroutine 92 [running]:
net/http.(*conn).serve.func1()
	/usr/local/go/src/net/http/server.go:1947 +0xb0
panic({0x104757540?, 0x14000590c60?})
	/usr/local/go/src/runtime/panic.go:787 +0x124
github.com/fauzan264/user-appointments/helper.FormatValidationError(...)
	/Users/fauzan264/projects/test/user-appointments/backend/helper/helper.go:29
github.com/fauzan264/user-appointments/handler.(*appointmentHandler).CreateAppointment(0x14000372840, 0x14000416100)
	/Users/fauzan264/projects/test/user-appointments/backend/handler/appointment_handler.go:41 +0xa0c
github.com/gin-gonic/gin.(*Context).Next(...)
	/Users/fauzan264/go/pkg/mod/github.com/gin-gonic/gin@v1.10.0/context.go:185
github.com/gin-gonic/gin.(*Engine).handleHTTPRequest(0x1400033e1a0, 0x14000416100)
	/Users/fauzan264/go/pkg/mod/github.com/gin-gonic/gin@v1.10.0/gin.go:633 +0x6c4
github.com/gin-gonic/gin.(*Engine).ServeHTTP(0x1400033e1a0, {0x1047f9258, 0x140004041c0}, 0x1400041c280)
	/Users/fauzan264/go/pkg/mod/github.com/gin-gonic/gin@v1.10.0/gin.go:589 +0x170
net/http.serverHandler.ServeHTTP({0x1047f6f98?}, {0x1047f9258?, 0x140004041c0?}, 0x6?)
	/usr/local/go/src/net/http/server.go:3301 +0xbc
net/http.(*conn).serve(0x140004361b0, {0x1047f9fb8, 0x1400037d470})
	/usr/local/go/src/net/http/server.go:2102 +0x52c
created by net/http.(*Server).Serve in goroutine 1
	/usr/local/go/src/net/http/server.go:3454 +0x3d8
2025/02/28 18:03:08 http: panic serving 127.0.0.1:56070: interface conversion: error is *json.SyntaxError, not validator.ValidationErrors
goroutine 19 [running]:
net/http.(*conn).serve.func1()
	/usr/local/go/src/net/http/server.go:1947 +0xb0
panic({0x104757540?, 0x140005906c0?})
	/usr/local/go/src/runtime/panic.go:787 +0x124
github.com/fauzan264/user-appointments/helper.FormatValidationError(...)
	/Users/fauzan264/projects/test/user-appointments/backend/helper/helper.go:29
github.com/fauzan264/user-appointments/handler.(*appointmentHandler).CreateAppointment(0x14000372840, 0x14000416100)
	/Users/fauzan264/projects/test/user-appointments/backend/handler/appointment_handler.go:41 +0xa0c
github.com/gin-gonic/gin.(*Context).Next(...)
	/Users/fauzan264/go/pkg/mod/github.com/gin-gonic/gin@v1.10.0/context.go:185
github.com/gin-gonic/gin.(*Engine).handleHTTPRequest(0x1400033e1a0, 0x14000416100)
	/Users/fauzan264/go/pkg/mod/github.com/gin-gonic/gin@v1.10.0/gin.go:633 +0x6c4
github.com/gin-gonic/gin.(*Engine).ServeHTTP(0x1400033e1a0, {0x1047f9258, 0x140004040e0}, 0x1400041c000)
	/Users/fauzan264/go/pkg/mod/github.com/gin-gonic/gin@v1.10.0/gin.go:589 +0x170
net/http.serverHandler.ServeHTTP({0x1047f6f98?}, {0x1047f9258?, 0x140004040e0?}, 0x6?)
	/usr/local/go/src/net/http/server.go:3301 +0xbc
net/http.(*conn).serve(0x14000098000, {0x1047f9fb8, 0x1400037d470})
	/usr/local/go/src/net/http/server.go:2102 +0x52c
created by net/http.(*Server).Serve in goroutine 1
	/usr/local/go/src/net/http/server.go:3454 +0x3d8
2025/02/28 18:03:08 http: panic serving 127.0.0.1:56960: interface conversion: error is *json.SyntaxError, not validator.ValidationErrors
goroutine 99 [running]:
net/http.(*conn).serve.func1()
	/usr/local/go/src/net/http/server.go:1947 +0xb0
panic({0x104757540?, 0x14000590bd0?})
	/usr/local/go/src/runtime/panic.go:787 +0x124
github.com/fauzan264/user-appointments/helper.FormatValidationError(...)
	/Users/fauzan264/projects/test/user-appointments/backend/helper/helper.go:29
github.com/fauzan264/user-appointments/handler.(*appointmentHandler).CreateAppointment(0x14000372840, 0x14000416300)
	/Users/fauzan264/projects/test/user-appointments/backend/handler/appointment_handler.go:41 +0xa0c
github.com/gin-gonic/gin.(*Context).Next(...)
	/Users/fauzan264/go/pkg/mod/github.com/gin-gonic/gin@v1.10.0/context.go:185
github.com/gin-gonic/gin.(*Engine).handleHTTPRequest(0x1400033e1a0, 0x14000416300)
	/Users/fauzan264/go/pkg/mod/github.com/gin-gonic/gin@v1.10.0/gin.go:633 +0x6c4
github.com/gin-gonic/gin.(*Engine).ServeHTTP(0x1400033e1a0, {0x1047f9258, 0x140004041c0}, 0x1400041c280)
	/Users/fauzan264/go/pkg/mod/github.com/gin-gonic/gin@v1.10.0/gin.go:589 +0x170
net/http.serverHandler.ServeHTTP({0x1047f6f98?}, {0x1047f9258?, 0x140004041c0?}, 0x6?)
	/usr/local/go/src/net/http/server.go:3301 +0xbc
net/http.(*conn).serve(0x140004361b0, {0x1047f9fb8, 0x1400037d470})
	/usr/local/go/src/net/http/server.go:2102 +0x52c
created by net/http.(*Server).Serve in goroutine 1
	/usr/local/go/src/net/http/server.go:3454 +0x3d8
2025/02/28 18:03:54 http: panic serving 127.0.0.1:57165: interface conversion: error is *json.SyntaxError, not validator.ValidationErrors
goroutine 23 [running]:
net/http.(*conn).serve.func1()
	/usr/local/go/src/net/http/server.go:1947 +0xb0
panic({0x104757540?, 0x14000590f90?})
	/usr/local/go/src/runtime/panic.go:787 +0x124
github.com/fauzan264/user-appointments/helper.FormatValidationError(...)
	/Users/fauzan264/projects/test/user-appointments/backend/helper/helper.go:29
github.com/fauzan264/user-appointments/handler.(*appointmentHandler).CreateAppointment(0x14000372840, 0x140003da100)
	/Users/fauzan264/projects/test/user-appointments/backend/handler/appointment_handler.go:41 +0xa0c
github.com/gin-gonic/gin.(*Context).Next(...)
	/Users/fauzan264/go/pkg/mod/github.com/gin-gonic/gin@v1.10.0/context.go:185
github.com/gin-gonic/gin.(*Engine).handleHTTPRequest(0x1400033e1a0, 0x140003da100)
	/Users/fauzan264/go/pkg/mod/github.com/gin-gonic/gin@v1.10.0/gin.go:633 +0x6c4
github.com/gin-gonic/gin.(*Engine).ServeHTTP(0x1400033e1a0, {0x1047f9258, 0x140004041c0}, 0x1400041c140)
	/Users/fauzan264/go/pkg/mod/github.com/gin-gonic/gin@v1.10.0/gin.go:589 +0x170
net/http.serverHandler.ServeHTTP({0x1047f6f98?}, {0x1047f9258?, 0x140004041c0?}, 0x6?)
	/usr/local/go/src/net/http/server.go:3301 +0xbc
net/http.(*conn).serve(0x140004361b0, {0x1047f9fb8, 0x1400037d470})
	/usr/local/go/src/net/http/server.go:2102 +0x52c
created by net/http.(*Server).Serve in goroutine 1
	/usr/local/go/src/net/http/server.go:3454 +0x3d8
2025/02/28 18:06:16 http: panic serving 127.0.0.1:57259: interface conversion: error is *json.SyntaxError, not validator.ValidationErrors
goroutine 104 [running]:
net/http.(*conn).serve.func1()
	/usr/local/go/src/net/http/server.go:1947 +0xb0
panic({0x104757540?, 0x140004345a0?})
	/usr/local/go/src/runtime/panic.go:787 +0x124
github.com/fauzan264/user-appointments/helper.FormatValidationError(...)
	/Users/fauzan264/projects/test/user-appointments/backend/helper/helper.go:29
github.com/fauzan264/user-appointments/handler.(*appointmentHandler).CreateAppointment(0x14000372840, 0x14000416100)
	/Users/fauzan264/projects/test/user-appointments/backend/handler/appointment_handler.go:41 +0xa0c
github.com/gin-gonic/gin.(*Context).Next(...)
	/Users/fauzan264/go/pkg/mod/github.com/gin-gonic/gin@v1.10.0/context.go:185
github.com/gin-gonic/gin.(*Engine).handleHTTPRequest(0x1400033e1a0, 0x14000416100)
	/Users/fauzan264/go/pkg/mod/github.com/gin-gonic/gin@v1.10.0/gin.go:633 +0x6c4
github.com/gin-gonic/gin.(*Engine).ServeHTTP(0x1400033e1a0, {0x1047f9258, 0x140004040e0}, 0x1400041c000)
	/Users/fauzan264/go/pkg/mod/github.com/gin-gonic/gin@v1.10.0/gin.go:589 +0x170
net/http.serverHandler.ServeHTTP({0x1047f6f98?}, {0x1047f9258?, 0x140004040e0?}, 0x6?)
	/usr/local/go/src/net/http/server.go:3301 +0xbc
net/http.(*conn).serve(0x14000098120, {0x1047f9fb8, 0x1400037d470})
	/usr/local/go/src/net/http/server.go:2102 +0x52c
created by net/http.(*Server).Serve in goroutine 1
	/usr/local/go/src/net/http/server.go:3454 +0x3d8
2025/02/28 18:06:16 http: panic serving 127.0.0.1:57796: interface conversion: error is *json.SyntaxError, not validator.ValidationErrors
goroutine 28 [running]:
net/http.(*conn).serve.func1()
	/usr/local/go/src/net/http/server.go:1947 +0xb0
panic({0x104757540?, 0x14000434a80?})
	/usr/local/go/src/runtime/panic.go:787 +0x124
github.com/fauzan264/user-appointments/helper.FormatValidationError(...)
	/Users/fauzan264/projects/test/user-appointments/backend/helper/helper.go:29
github.com/fauzan264/user-appointments/handler.(*appointmentHandler).CreateAppointment(0x14000372840, 0x14000416200)
	/Users/fauzan264/projects/test/user-appointments/backend/handler/appointment_handler.go:41 +0xa0c
github.com/gin-gonic/gin.(*Context).Next(...)
	/Users/fauzan264/go/pkg/mod/github.com/gin-gonic/gin@v1.10.0/context.go:185
github.com/gin-gonic/gin.(*Engine).handleHTTPRequest(0x1400033e1a0, 0x14000416200)
	/Users/fauzan264/go/pkg/mod/github.com/gin-gonic/gin@v1.10.0/gin.go:633 +0x6c4
github.com/gin-gonic/gin.(*Engine).ServeHTTP(0x1400033e1a0, {0x1047f9258, 0x140004041c0}, 0x1400041c280)
	/Users/fauzan264/go/pkg/mod/github.com/gin-gonic/gin@v1.10.0/gin.go:589 +0x170
net/http.serverHandler.ServeHTTP({0x1047f6f98?}, {0x1047f9258?, 0x140004041c0?}, 0x6?)
	/usr/local/go/src/net/http/server.go:3301 +0xbc
net/http.(*conn).serve(0x140004361b0, {0x1047f9fb8, 0x1400037d470})
	/usr/local/go/src/net/http/server.go:2102 +0x52c
created by net/http.(*Server).Serve in goroutine 1
	/usr/local/go/src/net/http/server.go:3454 +0x3d8
2025/02/28 18:06:32 http: panic serving 127.0.0.1:57846: interface conversion: error is *json.SyntaxError, not validator.ValidationErrors
goroutine 109 [running]:
net/http.(*conn).serve.func1()
	/usr/local/go/src/net/http/server.go:1947 +0xb0
panic({0x104757540?, 0x140005912f0?})
	/usr/local/go/src/runtime/panic.go:787 +0x124
github.com/fauzan264/user-appointments/helper.FormatValidationError(...)
	/Users/fauzan264/projects/test/user-appointments/backend/helper/helper.go:29
github.com/fauzan264/user-appointments/handler.(*appointmentHandler).CreateAppointment(0x14000372840, 0x140000a0000)
	/Users/fauzan264/projects/test/user-appointments/backend/handler/appointment_handler.go:41 +0xa0c
github.com/gin-gonic/gin.(*Context).Next(...)
	/Users/fauzan264/go/pkg/mod/github.com/gin-gonic/gin@v1.10.0/context.go:185
github.com/gin-gonic/gin.(*Engine).handleHTTPRequest(0x1400033e1a0, 0x140000a0000)
	/Users/fauzan264/go/pkg/mod/github.com/gin-gonic/gin@v1.10.0/gin.go:633 +0x6c4
github.com/gin-gonic/gin.(*Engine).ServeHTTP(0x1400033e1a0, {0x1047f9258, 0x1400009c1c0}, 0x14000096500)
	/Users/fauzan264/go/pkg/mod/github.com/gin-gonic/gin@v1.10.0/gin.go:589 +0x170
net/http.serverHandler.ServeHTTP({0x1047f6f98?}, {0x1047f9258?, 0x1400009c1c0?}, 0x6?)
	/usr/local/go/src/net/http/server.go:3301 +0xbc
net/http.(*conn).serve(0x14000098090, {0x1047f9fb8, 0x1400037d470})
	/usr/local/go/src/net/http/server.go:2102 +0x52c
created by net/http.(*Server).Serve in goroutine 1
	/usr/local/go/src/net/http/server.go:3454 +0x3d8
2025/02/28 18:06:32 http: panic serving 127.0.0.1:57996: interface conversion: error is *json.SyntaxError, not validator.ValidationErrors
goroutine 113 [running]:
net/http.(*conn).serve.func1()
	/usr/local/go/src/net/http/server.go:1947 +0xb0
panic({0x104757540?, 0x14000591830?})
	/usr/local/go/src/runtime/panic.go:787 +0x124
github.com/fauzan264/user-appointments/helper.FormatValidationError(...)
	/Users/fauzan264/projects/test/user-appointments/backend/helper/helper.go:29
github.com/fauzan264/user-appointments/handler.(*appointmentHandler).CreateAppointment(0x14000372840, 0x140000a0100)
	/Users/fauzan264/projects/test/user-appointments/backend/handler/appointment_handler.go:41 +0xa0c
github.com/gin-gonic/gin.(*Context).Next(...)
	/Users/fauzan264/go/pkg/mod/github.com/gin-gonic/gin@v1.10.0/context.go:185
github.com/gin-gonic/gin.(*Engine).handleHTTPRequest(0x1400033e1a0, 0x140000a0100)
	/Users/fauzan264/go/pkg/mod/github.com/gin-gonic/gin@v1.10.0/gin.go:633 +0x6c4
github.com/gin-gonic/gin.(*Engine).ServeHTTP(0x1400033e1a0, {0x1047f9258, 0x1400009c380}, 0x14000096780)
	/Users/fauzan264/go/pkg/mod/github.com/gin-gonic/gin@v1.10.0/gin.go:589 +0x170
net/http.serverHandler.ServeHTTP({0x1047f6f98?}, {0x1047f9258?, 0x1400009c380?}, 0x6?)
	/usr/local/go/src/net/http/server.go:3301 +0xbc
net/http.(*conn).serve(0x14000098750, {0x1047f9fb8, 0x1400037d470})
	/usr/local/go/src/net/http/server.go:2102 +0x52c
created by net/http.(*Server).Serve in goroutine 1
	/usr/local/go/src/net/http/server.go:3454 +0x3d8
2025/02/28 18:06:49 http: panic serving 127.0.0.1:58010: interface conversion: error is *json.SyntaxError, not validator.ValidationErrors
goroutine 67 [running]:
net/http.(*conn).serve.func1()
	/usr/local/go/src/net/http/server.go:1947 +0xb0
panic({0x104757540?, 0x14000591ce0?})
	/usr/local/go/src/runtime/panic.go:787 +0x124
github.com/fauzan264/user-appointments/helper.FormatValidationError(...)
	/Users/fauzan264/projects/test/user-appointments/backend/helper/helper.go:29
github.com/fauzan264/user-appointments/handler.(*appointmentHandler).CreateAppointment(0x14000372840, 0x140000a0200)
	/Users/fauzan264/projects/test/user-appointments/backend/handler/appointment_handler.go:41 +0xa0c
github.com/gin-gonic/gin.(*Context).Next(...)
	/Users/fauzan264/go/pkg/mod/github.com/gin-gonic/gin@v1.10.0/context.go:185
github.com/gin-gonic/gin.(*Engine).handleHTTPRequest(0x1400033e1a0, 0x140000a0200)
	/Users/fauzan264/go/pkg/mod/github.com/gin-gonic/gin@v1.10.0/gin.go:633 +0x6c4
github.com/gin-gonic/gin.(*Engine).ServeHTTP(0x1400033e1a0, {0x1047f9258, 0x1400009c540}, 0x14000096b40)
	/Users/fauzan264/go/pkg/mod/github.com/gin-gonic/gin@v1.10.0/gin.go:589 +0x170
net/http.serverHandler.ServeHTTP({0x1047f6f98?}, {0x1047f9258?, 0x1400009c540?}, 0x6?)
	/usr/local/go/src/net/http/server.go:3301 +0xbc
net/http.(*conn).serve(0x140001e4360, {0x1047f9fb8, 0x1400037d470})
	/usr/local/go/src/net/http/server.go:2102 +0x52c
created by net/http.(*Server).Serve in goroutine 1
	/usr/local/go/src/net/http/server.go:3454 +0x3d8
2025/02/28 18:06:49 http: panic serving 127.0.0.1:58072: interface conversion: error is *json.SyntaxError, not validator.ValidationErrors
goroutine 117 [running]:
net/http.(*conn).serve.func1()
	/usr/local/go/src/net/http/server.go:1947 +0xb0
panic({0x104757540?, 0x14000692360?})
	/usr/local/go/src/runtime/panic.go:787 +0x124
github.com/fauzan264/user-appointments/helper.FormatValidationError(...)
	/Users/fauzan264/projects/test/user-appointments/backend/helper/helper.go:29
github.com/fauzan264/user-appointments/handler.(*appointmentHandler).CreateAppointment(0x14000372840, 0x140000a0300)
	/Users/fauzan264/projects/test/user-appointments/backend/handler/appointment_handler.go:41 +0xa0c
github.com/gin-gonic/gin.(*Context).Next(...)
	/Users/fauzan264/go/pkg/mod/github.com/gin-gonic/gin@v1.10.0/context.go:185
github.com/gin-gonic/gin.(*Engine).handleHTTPRequest(0x1400033e1a0, 0x140000a0300)
	/Users/fauzan264/go/pkg/mod/github.com/gin-gonic/gin@v1.10.0/gin.go:633 +0x6c4
github.com/gin-gonic/gin.(*Engine).ServeHTTP(0x1400033e1a0, {0x1047f9258, 0x1400009c620}, 0x14000096f00)
	/Users/fauzan264/go/pkg/mod/github.com/gin-gonic/gin@v1.10.0/gin.go:589 +0x170
net/http.serverHandler.ServeHTTP({0x1047f6f98?}, {0x1047f9258?, 0x1400009c620?}, 0x6?)
	/usr/local/go/src/net/http/server.go:3301 +0xbc
net/http.(*conn).serve(0x14000098bd0, {0x1047f9fb8, 0x1400037d470})
	/usr/local/go/src/net/http/server.go:2102 +0x52c
created by net/http.(*Server).Serve in goroutine 1
	/usr/local/go/src/net/http/server.go:3454 +0x3d8
2025/02/28 18:08:10 http: panic serving 127.0.0.1:58122: interface conversion: error is *json.SyntaxError, not validator.ValidationErrors
goroutine 120 [running]:
net/http.(*conn).serve.func1()
	/usr/local/go/src/net/http/server.go:1947 +0xb0
panic({0x104757540?, 0x140004355f0?})
	/usr/local/go/src/runtime/panic.go:787 +0x124
github.com/fauzan264/user-appointments/helper.FormatValidationError(...)
	/Users/fauzan264/projects/test/user-appointments/backend/helper/helper.go:29
github.com/fauzan264/user-appointments/handler.(*appointmentHandler).CreateAppointment(0x14000372840, 0x14000416300)
	/Users/fauzan264/projects/test/user-appointments/backend/handler/appointment_handler.go:41 +0xa0c
github.com/gin-gonic/gin.(*Context).Next(...)
	/Users/fauzan264/go/pkg/mod/github.com/gin-gonic/gin@v1.10.0/context.go:185
github.com/gin-gonic/gin.(*Engine).handleHTTPRequest(0x1400033e1a0, 0x14000416300)
	/Users/fauzan264/go/pkg/mod/github.com/gin-gonic/gin@v1.10.0/gin.go:633 +0x6c4
github.com/gin-gonic/gin.(*Engine).ServeHTTP(0x1400033e1a0, {0x1047f9258, 0x14000404620}, 0x1400041c8c0)
	/Users/fauzan264/go/pkg/mod/github.com/gin-gonic/gin@v1.10.0/gin.go:589 +0x170
net/http.serverHandler.ServeHTTP({0x1047f6f98?}, {0x1047f9258?, 0x14000404620?}, 0x6?)
	/usr/local/go/src/net/http/server.go:3301 +0xbc
net/http.(*conn).serve(0x14000098ea0, {0x1047f9fb8, 0x1400037d470})
	/usr/local/go/src/net/http/server.go:2102 +0x52c
created by net/http.(*Server).Serve in goroutine 1
	/usr/local/go/src/net/http/server.go:3454 +0x3d8
2025/02/28 18:08:10 http: panic serving 127.0.0.1:58411: interface conversion: error is *json.SyntaxError, not validator.ValidationErrors
goroutine 130 [running]:
net/http.(*conn).serve.func1()
	/usr/local/go/src/net/http/server.go:1947 +0xb0
panic({0x104757540?, 0x14000435b30?})
	/usr/local/go/src/runtime/panic.go:787 +0x124
github.com/fauzan264/user-appointments/helper.FormatValidationError(...)
	/Users/fauzan264/projects/test/user-appointments/backend/helper/helper.go:29
github.com/fauzan264/user-appointments/handler.(*appointmentHandler).CreateAppointment(0x14000372840, 0x14000416400)
	/Users/fauzan264/projects/test/user-appointments/backend/handler/appointment_handler.go:41 +0xa0c
github.com/gin-gonic/gin.(*Context).Next(...)
	/Users/fauzan264/go/pkg/mod/github.com/gin-gonic/gin@v1.10.0/context.go:185
github.com/gin-gonic/gin.(*Engine).handleHTTPRequest(0x1400033e1a0, 0x14000416400)
	/Users/fauzan264/go/pkg/mod/github.com/gin-gonic/gin@v1.10.0/gin.go:633 +0x6c4
github.com/gin-gonic/gin.(*Engine).ServeHTTP(0x1400033e1a0, {0x1047f9258, 0x14000404700}, 0x1400041cb40)
	/Users/fauzan264/go/pkg/mod/github.com/gin-gonic/gin@v1.10.0/gin.go:589 +0x170
net/http.serverHandler.ServeHTTP({0x1047f6f98?}, {0x1047f9258?, 0x14000404700?}, 0x6?)
	/usr/local/go/src/net/http/server.go:3301 +0xbc
net/http.(*conn).serve(0x14000436990, {0x1047f9fb8, 0x1400037d470})
	/usr/local/go/src/net/http/server.go:2102 +0x52c
created by net/http.(*Server).Serve in goroutine 1
	/usr/local/go/src/net/http/server.go:3454 +0x3d8
2025/02/28 18:08:11 http: panic serving 127.0.0.1:58417: interface conversion: error is *json.SyntaxError, not validator.ValidationErrors
goroutine 132 [running]:
net/http.(*conn).serve.func1()
	/usr/local/go/src/net/http/server.go:1947 +0xb0
panic({0x104757540?, 0x140001945d0?})
	/usr/local/go/src/runtime/panic.go:787 +0x124
github.com/fauzan264/user-appointments/helper.FormatValidationError(...)
	/Users/fauzan264/projects/test/user-appointments/backend/helper/helper.go:29
github.com/fauzan264/user-appointments/handler.(*appointmentHandler).CreateAppointment(0x14000372840, 0x14000416500)
	/Users/fauzan264/projects/test/user-appointments/backend/handler/appointment_handler.go:41 +0xa0c
github.com/gin-gonic/gin.(*Context).Next(...)
	/Users/fauzan264/go/pkg/mod/github.com/gin-gonic/gin@v1.10.0/context.go:185
github.com/gin-gonic/gin.(*Engine).handleHTTPRequest(0x1400033e1a0, 0x14000416500)
	/Users/fauzan264/go/pkg/mod/github.com/gin-gonic/gin@v1.10.0/gin.go:633 +0x6c4
github.com/gin-gonic/gin.(*Engine).ServeHTTP(0x1400033e1a0, {0x1047f9258, 0x140004047e0}, 0x1400041cdc0)
	/Users/fauzan264/go/pkg/mod/github.com/gin-gonic/gin@v1.10.0/gin.go:589 +0x170
net/http.serverHandler.ServeHTTP({0x1047f6f98?}, {0x1047f9258?, 0x140004047e0?}, 0x6?)
	/usr/local/go/src/net/http/server.go:3301 +0xbc
net/http.(*conn).serve(0x14000436bd0, {0x1047f9fb8, 0x1400037d470})
	/usr/local/go/src/net/http/server.go:2102 +0x52c
created by net/http.(*Server).Serve in goroutine 1
	/usr/local/go/src/net/http/server.go:3454 +0x3d8
2025/02/28 18:08:11 http: panic serving 127.0.0.1:58419: interface conversion: error is *json.SyntaxError, not validator.ValidationErrors
goroutine 134 [running]:
net/http.(*conn).serve.func1()
	/usr/local/go/src/net/http/server.go:1947 +0xb0
panic({0x104757540?, 0x140001f1620?})
	/usr/local/go/src/runtime/panic.go:787 +0x124
github.com/fauzan264/user-appointments/helper.FormatValidationError(...)
	/Users/fauzan264/projects/test/user-appointments/backend/helper/helper.go:29
github.com/fauzan264/user-appointments/handler.(*appointmentHandler).CreateAppointment(0x14000372840, 0x14000416600)
	/Users/fauzan264/projects/test/user-appointments/backend/handler/appointment_handler.go:41 +0xa0c
github.com/gin-gonic/gin.(*Context).Next(...)
	/Users/fauzan264/go/pkg/mod/github.com/gin-gonic/gin@v1.10.0/context.go:185
github.com/gin-gonic/gin.(*Engine).handleHTTPRequest(0x1400033e1a0, 0x14000416600)
	/Users/fauzan264/go/pkg/mod/github.com/gin-gonic/gin@v1.10.0/gin.go:633 +0x6c4
github.com/gin-gonic/gin.(*Engine).ServeHTTP(0x1400033e1a0, {0x1047f9258, 0x140004048c0}, 0x1400041d040)
	/Users/fauzan264/go/pkg/mod/github.com/gin-gonic/gin@v1.10.0/gin.go:589 +0x170
net/http.serverHandler.ServeHTTP({0x1047f6f98?}, {0x1047f9258?, 0x140004048c0?}, 0x6?)
	/usr/local/go/src/net/http/server.go:3301 +0xbc
net/http.(*conn).serve(0x14000436e10, {0x1047f9fb8, 0x1400037d470})
	/usr/local/go/src/net/http/server.go:2102 +0x52c
created by net/http.(*Server).Serve in goroutine 1
	/usr/local/go/src/net/http/server.go:3454 +0x3d8
2025/02/28 18:08:12 http: panic serving 127.0.0.1:58421: interface conversion: error is *json.SyntaxError, not validator.ValidationErrors
goroutine 136 [running]:
net/http.(*conn).serve.func1()
	/usr/local/go/src/net/http/server.go:1947 +0xb0
panic({0x104757540?, 0x14000254060?})
	/usr/local/go/src/runtime/panic.go:787 +0x124
github.com/fauzan264/user-appointments/helper.FormatValidationError(...)
	/Users/fauzan264/projects/test/user-appointments/backend/helper/helper.go:29
github.com/fauzan264/user-appointments/handler.(*appointmentHandler).CreateAppointment(0x14000372840, 0x14000416700)
	/Users/fauzan264/projects/test/user-appointments/backend/handler/appointment_handler.go:41 +0xa0c
github.com/gin-gonic/gin.(*Context).Next(...)
	/Users/fauzan264/go/pkg/mod/github.com/gin-gonic/gin@v1.10.0/context.go:185
github.com/gin-gonic/gin.(*Engine).handleHTTPRequest(0x1400033e1a0, 0x14000416700)
	/Users/fauzan264/go/pkg/mod/github.com/gin-gonic/gin@v1.10.0/gin.go:633 +0x6c4
github.com/gin-gonic/gin.(*Engine).ServeHTTP(0x1400033e1a0, {0x1047f9258, 0x140004049a0}, 0x1400041d2c0)
	/Users/fauzan264/go/pkg/mod/github.com/gin-gonic/gin@v1.10.0/gin.go:589 +0x170
net/http.serverHandler.ServeHTTP({0x1047f6f98?}, {0x1047f9258?, 0x140004049a0?}, 0x6?)
	/usr/local/go/src/net/http/server.go:3301 +0xbc
net/http.(*conn).serve(0x14000437050, {0x1047f9fb8, 0x1400037d470})
	/usr/local/go/src/net/http/server.go:2102 +0x52c
created by net/http.(*Server).Serve in goroutine 1
	/usr/local/go/src/net/http/server.go:3454 +0x3d8
2025/02/28 18:08:12 http: panic serving 127.0.0.1:58423: interface conversion: error is *json.SyntaxError, not validator.ValidationErrors
goroutine 138 [running]:
net/http.(*conn).serve.func1()
	/usr/local/go/src/net/http/server.go:1947 +0xb0
panic({0x104757540?, 0x14000254c60?})
	/usr/local/go/src/runtime/panic.go:787 +0x124
github.com/fauzan264/user-appointments/helper.FormatValidationError(...)
	/Users/fauzan264/projects/test/user-appointments/backend/helper/helper.go:29
github.com/fauzan264/user-appointments/handler.(*appointmentHandler).CreateAppointment(0x14000372840, 0x14000416800)
	/Users/fauzan264/projects/test/user-appointments/backend/handler/appointment_handler.go:41 +0xa0c
github.com/gin-gonic/gin.(*Context).Next(...)
	/Users/fauzan264/go/pkg/mod/github.com/gin-gonic/gin@v1.10.0/context.go:185
github.com/gin-gonic/gin.(*Engine).handleHTTPRequest(0x1400033e1a0, 0x14000416800)
	/Users/fauzan264/go/pkg/mod/github.com/gin-gonic/gin@v1.10.0/gin.go:633 +0x6c4
github.com/gin-gonic/gin.(*Engine).ServeHTTP(0x1400033e1a0, {0x1047f9258, 0x14000404a80}, 0x1400041d540)
	/Users/fauzan264/go/pkg/mod/github.com/gin-gonic/gin@v1.10.0/gin.go:589 +0x170
net/http.serverHandler.ServeHTTP({0x1047f6f98?}, {0x1047f9258?, 0x14000404a80?}, 0x6?)
	/usr/local/go/src/net/http/server.go:3301 +0xbc
net/http.(*conn).serve(0x14000437290, {0x1047f9fb8, 0x1400037d470})
	/usr/local/go/src/net/http/server.go:2102 +0x52c
created by net/http.(*Server).Serve in goroutine 1
	/usr/local/go/src/net/http/server.go:3454 +0x3d8
2025/02/28 18:08:12 http: panic serving 127.0.0.1:58429: interface conversion: error is *json.SyntaxError, not validator.ValidationErrors
goroutine 140 [running]:
net/http.(*conn).serve.func1()
	/usr/local/go/src/net/http/server.go:1947 +0xb0
panic({0x104757540?, 0x140002556b0?})
	/usr/local/go/src/runtime/panic.go:787 +0x124
github.com/fauzan264/user-appointments/helper.FormatValidationError(...)
	/Users/fauzan264/projects/test/user-appointments/backend/helper/helper.go:29
github.com/fauzan264/user-appointments/handler.(*appointmentHandler).CreateAppointment(0x14000372840, 0x14000416900)
	/Users/fauzan264/projects/test/user-appointments/backend/handler/appointment_handler.go:41 +0xa0c
github.com/gin-gonic/gin.(*Context).Next(...)
	/Users/fauzan264/go/pkg/mod/github.com/gin-gonic/gin@v1.10.0/context.go:185
github.com/gin-gonic/gin.(*Engine).handleHTTPRequest(0x1400033e1a0, 0x14000416900)
	/Users/fauzan264/go/pkg/mod/github.com/gin-gonic/gin@v1.10.0/gin.go:633 +0x6c4
github.com/gin-gonic/gin.(*Engine).ServeHTTP(0x1400033e1a0, {0x1047f9258, 0x14000404b60}, 0x1400041d7c0)
	/Users/fauzan264/go/pkg/mod/github.com/gin-gonic/gin@v1.10.0/gin.go:589 +0x170
net/http.serverHandler.ServeHTTP({0x1047f6f98?}, {0x1047f9258?, 0x14000404b60?}, 0x6?)
	/usr/local/go/src/net/http/server.go:3301 +0xbc
net/http.(*conn).serve(0x140004374d0, {0x1047f9fb8, 0x1400037d470})
	/usr/local/go/src/net/http/server.go:2102 +0x52c
created by net/http.(*Server).Serve in goroutine 1
	/usr/local/go/src/net/http/server.go:3454 +0x3d8
2025/02/28 18:08:12 http: panic serving 127.0.0.1:58431: interface conversion: error is *json.SyntaxError, not validator.ValidationErrors
goroutine 142 [running]:
net/http.(*conn).serve.func1()
	/usr/local/go/src/net/http/server.go:1947 +0xb0
panic({0x104757540?, 0x1400028a1e0?})
	/usr/local/go/src/runtime/panic.go:787 +0x124
github.com/fauzan264/user-appointments/helper.FormatValidationError(...)
	/Users/fauzan264/projects/test/user-appointments/backend/helper/helper.go:29
github.com/fauzan264/user-appointments/handler.(*appointmentHandler).CreateAppointment(0x14000372840, 0x14000416a00)
	/Users/fauzan264/projects/test/user-appointments/backend/handler/appointment_handler.go:41 +0xa0c
github.com/gin-gonic/gin.(*Context).Next(...)
	/Users/fauzan264/go/pkg/mod/github.com/gin-gonic/gin@v1.10.0/context.go:185
github.com/gin-gonic/gin.(*Engine).handleHTTPRequest(0x1400033e1a0, 0x14000416a00)
	/Users/fauzan264/go/pkg/mod/github.com/gin-gonic/gin@v1.10.0/gin.go:633 +0x6c4
github.com/gin-gonic/gin.(*Engine).ServeHTTP(0x1400033e1a0, {0x1047f9258, 0x14000404c40}, 0x1400041da40)
	/Users/fauzan264/go/pkg/mod/github.com/gin-gonic/gin@v1.10.0/gin.go:589 +0x170
net/http.serverHandler.ServeHTTP({0x1047f6f98?}, {0x1047f9258?, 0x14000404c40?}, 0x6?)
	/usr/local/go/src/net/http/server.go:3301 +0xbc
net/http.(*conn).serve(0x14000437710, {0x1047f9fb8, 0x1400037d470})
	/usr/local/go/src/net/http/server.go:2102 +0x52c
created by net/http.(*Server).Serve in goroutine 1
	/usr/local/go/src/net/http/server.go:3454 +0x3d8
2025/02/28 18:08:12 http: panic serving 127.0.0.1:58433: interface conversion: error is *json.SyntaxError, not validator.ValidationErrors
goroutine 144 [running]:
net/http.(*conn).serve.func1()
	/usr/local/go/src/net/http/server.go:1947 +0xb0
panic({0x104757540?, 0x1400028af30?})
	/usr/local/go/src/runtime/panic.go:787 +0x124
github.com/fauzan264/user-appointments/helper.FormatValidationError(...)
	/Users/fauzan264/projects/test/user-appointments/backend/helper/helper.go:29
github.com/fauzan264/user-appointments/handler.(*appointmentHandler).CreateAppointment(0x14000372840, 0x14000416b00)
	/Users/fauzan264/projects/test/user-appointments/backend/handler/appointment_handler.go:41 +0xa0c
github.com/gin-gonic/gin.(*Context).Next(...)
	/Users/fauzan264/go/pkg/mod/github.com/gin-gonic/gin@v1.10.0/context.go:185
github.com/gin-gonic/gin.(*Engine).handleHTTPRequest(0x1400033e1a0, 0x14000416b00)
	/Users/fauzan264/go/pkg/mod/github.com/gin-gonic/gin@v1.10.0/gin.go:633 +0x6c4
github.com/gin-gonic/gin.(*Engine).ServeHTTP(0x1400033e1a0, {0x1047f9258, 0x14000404d20}, 0x1400041dcc0)
	/Users/fauzan264/go/pkg/mod/github.com/gin-gonic/gin@v1.10.0/gin.go:589 +0x170
net/http.serverHandler.ServeHTTP({0x1047f6f98?}, {0x1047f9258?, 0x14000404d20?}, 0x6?)
	/usr/local/go/src/net/http/server.go:3301 +0xbc
net/http.(*conn).serve(0x14000437950, {0x1047f9fb8, 0x1400037d470})
	/usr/local/go/src/net/http/server.go:2102 +0x52c
created by net/http.(*Server).Serve in goroutine 1
	/usr/local/go/src/net/http/server.go:3454 +0x3d8
2025/02/28 18:08:13 http: panic serving 127.0.0.1:58435: interface conversion: error is *json.SyntaxError, not validator.ValidationErrors
goroutine 146 [running]:
net/http.(*conn).serve.func1()
	/usr/local/go/src/net/http/server.go:1947 +0xb0
panic({0x104757540?, 0x1400028b920?})
	/usr/local/go/src/runtime/panic.go:787 +0x124
github.com/fauzan264/user-appointments/helper.FormatValidationError(...)
	/Users/fauzan264/projects/test/user-appointments/backend/helper/helper.go:29
github.com/fauzan264/user-appointments/handler.(*appointmentHandler).CreateAppointment(0x14000372840, 0x14000416c00)
	/Users/fauzan264/projects/test/user-appointments/backend/handler/appointment_handler.go:41 +0xa0c
github.com/gin-gonic/gin.(*Context).Next(...)
	/Users/fauzan264/go/pkg/mod/github.com/gin-gonic/gin@v1.10.0/context.go:185
github.com/gin-gonic/gin.(*Engine).handleHTTPRequest(0x1400033e1a0, 0x14000416c00)
	/Users/fauzan264/go/pkg/mod/github.com/gin-gonic/gin@v1.10.0/gin.go:633 +0x6c4
github.com/gin-gonic/gin.(*Engine).ServeHTTP(0x1400033e1a0, {0x1047f9258, 0x14000404e00}, 0x1400023e000)
	/Users/fauzan264/go/pkg/mod/github.com/gin-gonic/gin@v1.10.0/gin.go:589 +0x170
net/http.serverHandler.ServeHTTP({0x1047f6f98?}, {0x1047f9258?, 0x14000404e00?}, 0x6?)
	/usr/local/go/src/net/http/server.go:3301 +0xbc
net/http.(*conn).serve(0x14000437b90, {0x1047f9fb8, 0x1400037d470})
	/usr/local/go/src/net/http/server.go:2102 +0x52c
created by net/http.(*Server).Serve in goroutine 1
	/usr/local/go/src/net/http/server.go:3454 +0x3d8
2025/02/28 18:08:13 http: panic serving 127.0.0.1:58437: interface conversion: error is *json.SyntaxError, not validator.ValidationErrors
goroutine 148 [running]:
net/http.(*conn).serve.func1()
	/usr/local/go/src/net/http/server.go:1947 +0xb0
panic({0x104757540?, 0x140002ce330?})
	/usr/local/go/src/runtime/panic.go:787 +0x124
github.com/fauzan264/user-appointments/helper.FormatValidationError(...)
	/Users/fauzan264/projects/test/user-appointments/backend/helper/helper.go:29
github.com/fauzan264/user-appointments/handler.(*appointmentHandler).CreateAppointment(0x14000372840, 0x14000416d00)
	/Users/fauzan264/projects/test/user-appointments/backend/handler/appointment_handler.go:41 +0xa0c
github.com/gin-gonic/gin.(*Context).Next(...)
	/Users/fauzan264/go/pkg/mod/github.com/gin-gonic/gin@v1.10.0/context.go:185
github.com/gin-gonic/gin.(*Engine).handleHTTPRequest(0x1400033e1a0, 0x14000416d00)
	/Users/fauzan264/go/pkg/mod/github.com/gin-gonic/gin@v1.10.0/gin.go:633 +0x6c4
github.com/gin-gonic/gin.(*Engine).ServeHTTP(0x1400033e1a0, {0x1047f9258, 0x14000404ee0}, 0x1400023e280)
	/Users/fauzan264/go/pkg/mod/github.com/gin-gonic/gin@v1.10.0/gin.go:589 +0x170
net/http.serverHandler.ServeHTTP({0x1047f6f98?}, {0x1047f9258?, 0x14000404ee0?}, 0x6?)
	/usr/local/go/src/net/http/server.go:3301 +0xbc
net/http.(*conn).serve(0x14000437dd0, {0x1047f9fb8, 0x1400037d470})
	/usr/local/go/src/net/http/server.go:2102 +0x52c
created by net/http.(*Server).Serve in goroutine 1
	/usr/local/go/src/net/http/server.go:3454 +0x3d8
2025/02/28 18:08:17 http: panic serving 127.0.0.1:58461: interface conversion: error is *json.SyntaxError, not validator.ValidationErrors
goroutine 48 [running]:
net/http.(*conn).serve.func1()
	/usr/local/go/src/net/http/server.go:1947 +0xb0
panic({0x104757540?, 0x1400030a600?})
	/usr/local/go/src/runtime/panic.go:787 +0x124
github.com/fauzan264/user-appointments/helper.FormatValidationError(...)
	/Users/fauzan264/projects/test/user-appointments/backend/helper/helper.go:29
github.com/fauzan264/user-appointments/handler.(*appointmentHandler).CreateAppointment(0x14000372840, 0x14000352000)
	/Users/fauzan264/projects/test/user-appointments/backend/handler/appointment_handler.go:41 +0xa0c
github.com/gin-gonic/gin.(*Context).Next(...)
	/Users/fauzan264/go/pkg/mod/github.com/gin-gonic/gin@v1.10.0/context.go:185
github.com/gin-gonic/gin.(*Engine).handleHTTPRequest(0x1400033e1a0, 0x14000352000)
	/Users/fauzan264/go/pkg/mod/github.com/gin-gonic/gin@v1.10.0/gin.go:633 +0x6c4
github.com/gin-gonic/gin.(*Engine).ServeHTTP(0x1400033e1a0, {0x1047f9258, 0x1400034e000}, 0x1400024a140)
	/Users/fauzan264/go/pkg/mod/github.com/gin-gonic/gin@v1.10.0/gin.go:589 +0x170
net/http.serverHandler.ServeHTTP({0x1047f6f98?}, {0x1047f9258?, 0x1400034e000?}, 0x6?)
	/usr/local/go/src/net/http/server.go:3301 +0xbc
net/http.(*conn).serve(0x1400036a000, {0x1047f9fb8, 0x1400037d470})
	/usr/local/go/src/net/http/server.go:2102 +0x52c
created by net/http.(*Server).Serve in goroutine 1
	/usr/local/go/src/net/http/server.go:3454 +0x3d8
2025/02/28 18:09:12 http: panic serving 127.0.0.1:58693: interface conversion: error is *json.SyntaxError, not validator.ValidationErrors
goroutine 122 [running]:
net/http.(*conn).serve.func1()
	/usr/local/go/src/net/http/server.go:1947 +0xb0
panic({0x104757540?, 0x140006922d0?})
	/usr/local/go/src/runtime/panic.go:787 +0x124
github.com/fauzan264/user-appointments/helper.FormatValidationError(...)
	/Users/fauzan264/projects/test/user-appointments/backend/helper/helper.go:29
github.com/fauzan264/user-appointments/handler.(*appointmentHandler).CreateAppointment(0x14000372840, 0x14000416200)
	/Users/fauzan264/projects/test/user-appointments/backend/handler/appointment_handler.go:41 +0xa0c
github.com/gin-gonic/gin.(*Context).Next(...)
	/Users/fauzan264/go/pkg/mod/github.com/gin-gonic/gin@v1.10.0/context.go:185
github.com/gin-gonic/gin.(*Engine).handleHTTPRequest(0x1400033e1a0, 0x14000416200)
	/Users/fauzan264/go/pkg/mod/github.com/gin-gonic/gin@v1.10.0/gin.go:633 +0x6c4
github.com/gin-gonic/gin.(*Engine).ServeHTTP(0x1400033e1a0, {0x1047f9258, 0x140004040e0}, 0x1400023e000)
	/Users/fauzan264/go/pkg/mod/github.com/gin-gonic/gin@v1.10.0/gin.go:589 +0x170
net/http.serverHandler.ServeHTTP({0x1047f6f98?}, {0x1047f9258?, 0x140004040e0?}, 0x6?)
	/usr/local/go/src/net/http/server.go:3301 +0xbc
net/http.(*conn).serve(0x14000326000, {0x1047f9fb8, 0x1400037d470})
	/usr/local/go/src/net/http/server.go:2102 +0x52c
created by net/http.(*Server).Serve in goroutine 1
	/usr/local/go/src/net/http/server.go:3454 +0x3d8
2025/02/28 18:14:23 7daa810f-d076-420d-b237-8d069c46ed16
2025/02/28 18:14:28 7daa810f-d076-420d-b237-8d069c46ed16
